<?xml version="1.0" encoding="UTF-8"?>
<!-- Generated by org.testng.reporters.JUnitReportReporter -->
<testsuite hostname="DESKTOP-KIS4N2E" failures="0" tests="1" name="e_commerce.FlipKart" time="3.437" errors="0" timestamp="2023-08-21T18:48:09 IST" skipped="0">
  <testcase classname="e_commerce.FlipKart" name="flipKartTest" time="3.437">
    <system-out>
      <![CDATA[opening flipkart]]>
    </system-out>
  </testcase> <!-- flipKartTest -->
  <system-out>
    <![CDATA[opening amazon
opening flipkart
opening ajio]]>
  </system-out>
</testsuite> <!-- e_commerce.FlipKart -->
